[24Mar2025 02:32:16.102] [main/INFO] [Arclight/]: 

       ___           ___     __   /\
      /   | ________/ (_)__ / /  / /
     / /| |/ __/ __/ / / _ / _ \/__/
    / ___ / / / /_/ / / / / // / /
   /_/  |/_/  \__/_/_/\_ /_//_/ /
                     /__/     \/

    运行版本 arclight-1.16.5-1.0.25-7cf92be3
    构建日期 2023-10-22 03:52:29

[24Mar2025 02:32:16.204] [main/INFO] [cpw.mods.modlauncher.Launcher/MODLAUNCHER]: ModLauncher running: args [--gameDir, ., --launchTarget, fmlserver, --fml.forgeVersion, 36.2.39, --fml.mcpVersion, 20210115.111550, --fml.mcVersion, 1.16.5, --fml.forgeGroup, net.minecraftforge, nogui]
[24Mar2025 02:32:16.206] [main/INFO] [cpw.mods.modlauncher.Launcher/MODLAUNCHER]: ModLauncher 8.1.3+8.1.3+main-8.1.x.c94d18ec starting: java version 11.0.25 by Ubuntu
[24Mar2025 02:32:16.685] [main/INFO] [net.minecraftforge.fml.loading.FixSSL/CORE]: Added Lets Encrypt root certificates as additional trust
[24Mar2025 02:32:16.797] [main/INFO] [mixin/]: SpongePowered MIXIN Subsystem Version=0.8.4 Source=file:/workspaces/jaja/servidor_minecraft/libraries/org/spongepowered/mixin/0.8.4/mixin-0.8.4.jar Service=ModLauncher Env=SERVER
[24Mar2025 02:32:17.718] [main/INFO] [STDERR/]: [jdk.nashorn.api.scripting.NashornScriptEngine:<init>:143]: Warning: Nashorn engine is planned to be removed from a future JDK release
[24Mar2025 02:32:17.874] [main/INFO] [STDERR/]: [jdk.nashorn.api.scripting.NashornScriptEngine:<init>:143]: Warning: Nashorn engine is planned to be removed from a future JDK release
[24Mar2025 02:32:17.895] [main/INFO] [STDERR/]: [jdk.nashorn.api.scripting.NashornScriptEngine:<init>:143]: Warning: Nashorn engine is planned to be removed from a future JDK release
[24Mar2025 02:32:19.485] [main/INFO] [cpw.mods.modlauncher.LaunchServiceHandler/MODLAUNCHER]: Launching target 'fmlserver' with arguments [--gameDir, ., nogui]
[24Mar2025 02:32:27.836] [main/FATAL] [net.minecraftforge.fml.ModLoader/CORE]: Error during pre-loading phase
net.minecraftforge.fml.ModLoadingException: Mod §ecgm§r requires §6obfuscate§r §o0.6.2 or above§r
§7Currently, §6obfuscate§r§7 is §o§nnot installed
	at net.minecraftforge.fml.ModLoadingException.lambda$fromEarlyException$0(ModLoadingException.java:50) ~[forge:?]
	at java.util.stream.ReferencePipeline$3$1.accept(ReferencePipeline.java:195) ~[?:?]
	at java.util.ArrayList$ArrayListSpliterator.forEachRemaining(ArrayList.java:1655) ~[?:?]
	at java.util.stream.AbstractPipeline.copyInto(AbstractPipeline.java:484) ~[?:?]
	at java.util.stream.AbstractPipeline.wrapAndCopyInto(AbstractPipeline.java:474) ~[?:?]
	at java.util.stream.ForEachOps$ForEachOp.evaluateSequential(ForEachOps.java:150) ~[?:?]
	at java.util.stream.ForEachOps$ForEachOp$OfRef.evaluateSequential(ForEachOps.java:173) ~[?:?]
	at java.util.stream.AbstractPipeline.evaluate(AbstractPipeline.java:234) ~[?:?]
	at java.util.stream.ReferencePipeline.forEach(ReferencePipeline.java:497) ~[?:?]
	at java.util.stream.ReferencePipeline$7$1.accept(ReferencePipeline.java:274) ~[?:?]
	at java.util.ArrayList$ArrayListSpliterator.forEachRemaining(ArrayList.java:1655) ~[?:?]
	at java.util.stream.AbstractPipeline.copyInto(AbstractPipeline.java:484) ~[?:?]
	at java.util.stream.AbstractPipeline.wrapAndCopyInto(AbstractPipeline.java:474) ~[?:?]
	at java.util.stream.ReduceOps$ReduceOp.evaluateSequential(ReduceOps.java:913) ~[?:?]
	at java.util.stream.AbstractPipeline.evaluate(AbstractPipeline.java:234) ~[?:?]
	at java.util.stream.ReferencePipeline.collect(ReferencePipeline.java:578) ~[?:?]
	at net.minecraftforge.fml.ModLoader.<init>(ModLoader.java:106) ~[forge:?]
	at net.minecraftforge.fml.ModLoader.get(ModLoader.java:140) ~[forge:?]
	at net.minecraftforge.fml.server.ServerModLoader.load(ServerModLoader.java:30) ~[forge:?]
	at net.minecraft.server.Main.main(Main.java:95) ~[?:?]
	at jdk.internal.reflect.NativeMethodAccessorImpl.invoke0(Native Method) ~[?:?]
	at jdk.internal.reflect.NativeMethodAccessorImpl.invoke(NativeMethodAccessorImpl.java:62) ~[?:?]
	at jdk.internal.reflect.DelegatingMethodAccessorImpl.invoke(DelegatingMethodAccessorImpl.java:43) ~[?:?]
	at java.lang.reflect.Method.invoke(Method.java:566) ~[?:?]
	at net.minecraftforge.fml.loading.FMLServerLaunchProvider.lambda$launchService$0(FMLServerLaunchProvider.java:37) ~[forge-1.16.5-36.2.39.jar:36.2]
	at cpw.mods.modlauncher.LaunchServiceHandlerDecorator.launch(LaunchServiceHandlerDecorator.java:37) [modlauncher-8.1.3.jar:?]
	at cpw.mods.modlauncher.LaunchServiceHandler.launch(LaunchServiceHandler.java:54) [modlauncher-8.1.3.jar:?]
	at cpw.mods.modlauncher.LaunchServiceHandler.launch(LaunchServiceHandler.java:72) [modlauncher-8.1.3.jar:?]
	at cpw.mods.modlauncher.Launcher.run(Launcher.java:82) [modlauncher-8.1.3.jar:?]
	at cpw.mods.modlauncher.Launcher.main(Launcher.java:66) [modlauncher-8.1.3.jar:?]
	at net.minecraftforge.server.ServerMain$Runner.runLauncher(ServerMain.java:49) [forge-1.16.5-36.2.39.jar:?]
	at net.minecraftforge.server.ServerMain$Runner.access$100(ServerMain.java:46) [forge-1.16.5-36.2.39.jar:?]
	at net.minecraftforge.server.ServerMain.main(ServerMain.java:43) [forge-1.16.5-36.2.39.jar:?]
	at io.izzel.arclight.common.ArclightMain.run(ArclightMain.java:50) [arclight.jar:arclight-1.16.5-1.0.25-7cf92be3]
	at io.izzel.arclight.server.Main_Forge.main(Main_Forge.java:16) [arclight.jar:arclight-1.16.5-1.0.25-7cf92be3]
	at io.izzel.arclight.server.Launcher.main(Launcher.java:16) [arclight.jar:arclight-1.16.5-1.0.25-7cf92be3]
[24Mar2025 02:32:27.913] [main/INFO] [STDOUT/]: [net.minecraft.crash.CrashReport:func_85057_a:196]: Negative index in crash report handler (19/21)
[24Mar2025 02:32:27.931] [main/FATAL] [net.minecraftforge.fml.server.ServerModLoader/]: Crash report saved to ./crash-reports/crash-2025-03-24_02.32.27-fml.txt
[24Mar2025 02:32:27.939] [main/FATAL] [net.minecraft.server.Main/]: Failed to start the minecraft server
net.minecraftforge.fml.LoadingFailedException: Loading errors encountered: [
	Mod §ecgm§r requires §6obfuscate§r §o0.6.2 or above§r
§7Currently, §6obfuscate§r§7 is §o§nnot installed,
	Mod §ebetterdungeons§r requires §6yungsapi§r §o1.16.4-Forge-12 or above§r
§7Currently, §6yungsapi§r§7 is §o§nnot installed,
	Mod §econstructsarmory§r requires §6tconstruct§r §o1.16.5-3.3.2.324 or above§r
§7Currently, §6tconstruct§r§7 is §o§nnot installed,
	Mod §ebettermineshafts§r requires §6yungsapi§r §o1.16.4-Forge-3 or above§r
§7Currently, §6yungsapi§r§7 is §o§nnot installed,
	Mod §ebetterstrongholds§r requires §6yungsapi§r §o1.16.4-Forge-12 or above§r
§7Currently, §6yungsapi§r§7 is §o§nnot installed,
	Mod §ebettercaves§r requires §6yungsapi§r §o1.16.4-Forge-2 or above§r
§7Currently, §6yungsapi§r§7 is §o§nnot installed
]
	at net.minecraftforge.fml.ModLoader.gatherAndInitializeMods(ModLoader.java:164) ~[forge:?]
	at net.minecraftforge.fml.server.ServerModLoader.load(ServerModLoader.java:30) ~[forge:?]
	at net.minecraft.server.Main.main(Main.java:95) ~[?:?]
	at jdk.internal.reflect.NativeMethodAccessorImpl.invoke0(Native Method) ~[?:?]
	at jdk.internal.reflect.NativeMethodAccessorImpl.invoke(NativeMethodAccessorImpl.java:62) ~[?:?]
	at jdk.internal.reflect.DelegatingMethodAccessorImpl.invoke(DelegatingMethodAccessorImpl.java:43) ~[?:?]
	at java.lang.reflect.Method.invoke(Method.java:566) ~[?:?]
	at net.minecraftforge.fml.loading.FMLServerLaunchProvider.lambda$launchService$0(FMLServerLaunchProvider.java:37) ~[forge-1.16.5-36.2.39.jar:36.2]
	at cpw.mods.modlauncher.LaunchServiceHandlerDecorator.launch(LaunchServiceHandlerDecorator.java:37) [modlauncher-8.1.3.jar:?]
	at cpw.mods.modlauncher.LaunchServiceHandler.launch(LaunchServiceHandler.java:54) [modlauncher-8.1.3.jar:?]
	at cpw.mods.modlauncher.LaunchServiceHandler.launch(LaunchServiceHandler.java:72) [modlauncher-8.1.3.jar:?]
	at cpw.mods.modlauncher.Launcher.run(Launcher.java:82) [modlauncher-8.1.3.jar:?]
	at cpw.mods.modlauncher.Launcher.main(Launcher.java:66) [modlauncher-8.1.3.jar:?]
	at net.minecraftforge.server.ServerMain$Runner.runLauncher(ServerMain.java:49) [forge-1.16.5-36.2.39.jar:?]
	at net.minecraftforge.server.ServerMain$Runner.access$100(ServerMain.java:46) [forge-1.16.5-36.2.39.jar:?]
	at net.minecraftforge.server.ServerMain.main(ServerMain.java:43) [forge-1.16.5-36.2.39.jar:?]
	at io.izzel.arclight.common.ArclightMain.run(ArclightMain.java:50) [arclight.jar:arclight-1.16.5-1.0.25-7cf92be3]
	at io.izzel.arclight.server.Main_Forge.main(Main_Forge.java:16) [arclight.jar:arclight-1.16.5-1.0.25-7cf92be3]
	at io.izzel.arclight.server.Launcher.main(Launcher.java:16) [arclight.jar:arclight-1.16.5-1.0.25-7cf92be3]
